0 info it worked if it ends with ok
1 verbose cli [ '/usr/local/bin/node',
1 verbose cli   '/usr/local/bin/npm',
1 verbose cli   'install',
1 verbose cli   'ecrm-drive-database' ]
2 info using npm@2.14.2
3 info using node@v4.0.0
4 verbose install initial load of /Users/yocto/Documents/Yocto/projets/yocto-node-modules/yocto-daemon/package.json
5 verbose installManyTop reading scoped package data from /Users/yocto/Documents/Yocto/projets/yocto-node-modules/yocto-daemon/node_modules/async/package.json
6 verbose installManyTop reading scoped package data from /Users/yocto/Documents/Yocto/projets/yocto-node-modules/yocto-daemon/node_modules/grunt/package.json
7 verbose installManyTop reading scoped package data from /Users/yocto/Documents/Yocto/projets/yocto-node-modules/yocto-daemon/node_modules/grunt-contrib-jshint/package.json
8 verbose installManyTop reading scoped package data from /Users/yocto/Documents/Yocto/projets/yocto-node-modules/yocto-daemon/node_modules/grunt-contrib-uglify/package.json
9 verbose installManyTop reading scoped package data from /Users/yocto/Documents/Yocto/projets/yocto-node-modules/yocto-daemon/node_modules/grunt-jscs/package.json
10 verbose installManyTop reading scoped package data from /Users/yocto/Documents/Yocto/projets/yocto-node-modules/yocto-daemon/node_modules/grunt-mocha-cli/package.json
11 verbose installManyTop reading scoped package data from /Users/yocto/Documents/Yocto/projets/yocto-node-modules/yocto-daemon/node_modules/lodash/package.json
12 verbose installManyTop reading scoped package data from /Users/yocto/Documents/Yocto/projets/yocto-node-modules/yocto-daemon/node_modules/q/package.json
13 verbose installManyTop reading scoped package data from /Users/yocto/Documents/Yocto/projets/yocto-node-modules/yocto-daemon/node_modules/sleep/package.json
14 verbose installManyTop reading scoped package data from /Users/yocto/Documents/Yocto/projets/yocto-node-modules/yocto-daemon/node_modules/yocto-hint/package.json
15 verbose installManyTop reading scoped package data from /Users/yocto/Documents/Yocto/projets/yocto-node-modules/yocto-daemon/node_modules/yocto-logger/package.json
16 verbose installManyTop reading scoped package data from /Users/yocto/Documents/Yocto/projets/yocto-node-modules/yocto-daemon/node_modules/yocto-mailer/package.json
17 verbose installManyTop reading scoped package data from /Users/yocto/Documents/Yocto/projets/yocto-node-modules/yocto-daemon/node_modules/yocto-utils/package.json
18 info package.json grunt@0.4.5 No license field.
19 info package.json sleep@3.0.0 No license field.
20 info package.json q@1.4.1 license should be a valid SPDX license expression
21 verbose readDependencies loading dependencies from /Users/yocto/Documents/Yocto/projets/yocto-node-modules/yocto-daemon/package.json
22 silly cache add args [ 'ecrm-drive-database', null ]
23 verbose cache add spec ecrm-drive-database
24 silly cache add parsed spec Result {
24 silly cache add   raw: 'ecrm-drive-database',
24 silly cache add   scope: null,
24 silly cache add   name: 'ecrm-drive-database',
24 silly cache add   rawSpec: '',
24 silly cache add   spec: '*',
24 silly cache add   type: 'range' }
25 silly addNamed ecrm-drive-database@*
26 verbose addNamed "*" is a valid semver range for ecrm-drive-database
27 silly addNameRange { name: 'ecrm-drive-database', range: '*', hasData: false }
28 silly mapToRegistry name ecrm-drive-database
29 silly mapToRegistry using default registry
30 silly mapToRegistry registry https://registry.npmjs.org/
31 silly mapToRegistry uri https://registry.npmjs.org/ecrm-drive-database
32 verbose addNameRange registry:https://registry.npmjs.org/ecrm-drive-database not in flight; fetching
33 verbose request uri https://registry.npmjs.org/ecrm-drive-database
34 verbose request no auth needed
35 info attempt registry request try #1 at 7:27:52 PM
36 verbose request using bearer token for auth
37 verbose request id f2c0bc1c3221cc71
38 http request GET https://registry.npmjs.org/ecrm-drive-database
39 http 404 https://registry.npmjs.org/ecrm-drive-database
40 verbose headers { 'content-type': 'application/json',
40 verbose headers   'cache-control': 'max-age=0',
40 verbose headers   'content-length': '2',
40 verbose headers   'accept-ranges': 'bytes',
40 verbose headers   date: 'Fri, 02 Oct 2015 15:27:55 GMT',
40 verbose headers   via: '1.1 varnish',
40 verbose headers   connection: 'keep-alive',
40 verbose headers   'x-served-by': 'cache-ams4124-AMS',
40 verbose headers   'x-cache': 'MISS',
40 verbose headers   'x-cache-hits': '0',
40 verbose headers   'x-timer': 'S1443799675.190628,VS0,VE758' }
41 silly get cb [ 404,
41 silly get   { 'content-type': 'application/json',
41 silly get     'cache-control': 'max-age=0',
41 silly get     'content-length': '2',
41 silly get     'accept-ranges': 'bytes',
41 silly get     date: 'Fri, 02 Oct 2015 15:27:55 GMT',
41 silly get     via: '1.1 varnish',
41 silly get     connection: 'keep-alive',
41 silly get     'x-served-by': 'cache-ams4124-AMS',
41 silly get     'x-cache': 'MISS',
41 silly get     'x-cache-hits': '0',
41 silly get     'x-timer': 'S1443799675.190628,VS0,VE758' } ]
42 verbose stack Error: Registry returned 404 for GET on https://registry.npmjs.org/ecrm-drive-database
42 verbose stack     at makeError (/usr/local/lib/node_modules/npm/node_modules/npm-registry-client/lib/request.js:263:12)
42 verbose stack     at CachingRegistryClient.<anonymous> (/usr/local/lib/node_modules/npm/node_modules/npm-registry-client/lib/request.js:241:14)
42 verbose stack     at Request._callback (/usr/local/lib/node_modules/npm/node_modules/npm-registry-client/lib/request.js:171:14)
42 verbose stack     at Request.self.callback (/usr/local/lib/node_modules/npm/node_modules/request/request.js:198:22)
42 verbose stack     at emitTwo (events.js:87:13)
42 verbose stack     at Request.emit (events.js:172:7)
42 verbose stack     at Request.<anonymous> (/usr/local/lib/node_modules/npm/node_modules/request/request.js:1073:14)
42 verbose stack     at emitOne (events.js:82:20)
42 verbose stack     at Request.emit (events.js:169:7)
42 verbose stack     at IncomingMessage.<anonymous> (/usr/local/lib/node_modules/npm/node_modules/request/request.js:1019:12)
43 verbose statusCode 404
44 verbose pkgid ecrm-drive-database
45 verbose cwd /Users/yocto/Documents/Yocto/projets/yocto-node-modules/yocto-daemon
46 error Darwin 14.5.0
47 error argv "/usr/local/bin/node" "/usr/local/bin/npm" "install" "ecrm-drive-database"
48 error node v4.0.0
49 error npm  v2.14.2
50 error code E404
51 error 404 Registry returned 404 for GET on https://registry.npmjs.org/ecrm-drive-database
51 error 404
51 error 404 'ecrm-drive-database' is not in the npm registry.
51 error 404 You should bug the author to publish it (or use the name yourself!)
51 error 404 It was specified as a dependency of 'yocto-daemon'
51 error 404
51 error 404 Note that you can also install from a
51 error 404 tarball, folder, http url, or git url.
52 verbose exit [ 1, true ]
